Determining if the pthread_create exist failed with the following output:
Change Dir: /home/mlab/catkin_ws/build/bebop_tools/CMakeFiles/CMakeTmp

Run Build Command:"/usr/bin/make" "cmTC_ed346/fast"
/usr/bin/make -f CMakeFiles/cmTC_ed346.dir/build.make CMakeFiles/cmTC_ed346.dir/build
make[1]: ディレクトリ '/home/mlab/catkin_ws/build/bebop_tools/CMakeFiles/CMakeTmp' に入ります
Building C object CMakeFiles/cmTC_ed346.dir/CheckSymbolExists.c.o
/usr/bin/cc     -o CMakeFiles/cmTC_ed346.dir/CheckSymbolExists.c.o   -c /home/mlab/catkin_ws/build/bebop_tools/CMakeFiles/CMakeTmp/CheckSymbolExists.c
Linking C executable cmTC_ed346
/usr/bin/cmake -E cmake_link_script CMakeFiles/cmTC_ed346.dir/link.txt --verbose=1
/usr/bin/cc       CMakeFiles/cmTC_ed346.dir/CheckSymbolExists.c.o  -o cmTC_ed346 -rdynamic 
CMakeFiles/cmTC_ed346.dir/CheckSymbolExists.c.o: 関数 `main' 内:
CheckSymbolExists.c:(.text+0x16): `pthread_create' に対する定義されていない参照です
collect2: error: ld returned 1 exit status
CMakeFiles/cmTC_ed346.dir/build.make:97: ターゲット 'cmTC_ed346' のレシピで失敗しました
make[1]: *** [cmTC_ed346] エラー 1
make[1]: ディレクトリ '/home/mlab/catkin_ws/build/bebop_tools/CMakeFiles/CMakeTmp' から出ます
Makefile:126: ターゲット 'cmTC_ed346/fast' のレシピで失敗しました
make: *** [cmTC_ed346/fast] エラー 2

File /home/mlab/catkin_ws/build/bebop_tools/CMakeFiles/CMakeTmp/CheckSymbolExists.c:
/* */
#include <pthread.h>

int main(int argc, char** argv)
{
  (void)argv;
#ifndef pthread_create
  return ((int*)(&pthread_create))[argc];
#else
  (void)argc;
  return 0;
#endif
}

Determining if the function pthread_create exists in the pthreads failed with the following output:
Change Dir: /home/mlab/catkin_ws/build/bebop_tools/CMakeFiles/CMakeTmp

Run Build Command:"/usr/bin/make" "cmTC_bed33/fast"
/usr/bin/make -f CMakeFiles/cmTC_bed33.dir/build.make CMakeFiles/cmTC_bed33.dir/build
make[1]: ディレクトリ '/home/mlab/catkin_ws/build/bebop_tools/CMakeFiles/CMakeTmp' に入ります
Building C object CMakeFiles/cmTC_bed33.dir/CheckFunctionExists.c.o
/usr/bin/cc    -DCHECK_FUNCTION_EXISTS=pthread_create   -o CMakeFiles/cmTC_bed33.dir/CheckFunctionExists.c.o   -c /usr/share/cmake-3.5/Modules/CheckFunctionExists.c
Linking C executable cmTC_bed33
/usr/bin/cmake -E cmake_link_script CMakeFiles/cmTC_bed33.dir/link.txt --verbose=1
/usr/bin/cc   -DCHECK_FUNCTION_EXISTS=pthread_create    CMakeFiles/cmTC_bed33.dir/CheckFunctionExists.c.o  -o cmTC_bed33 -rdynamic -lpthreads 
/usr/bin/ld: -lpthreads が見つかりません
collect2: error: ld returned 1 exit status
CMakeFiles/cmTC_bed33.dir/build.make:97: ターゲット 'cmTC_bed33' のレシピで失敗しました
make[1]: *** [cmTC_bed33] エラー 1
make[1]: ディレクトリ '/home/mlab/catkin_ws/build/bebop_tools/CMakeFiles/CMakeTmp' から出ます
Makefile:126: ターゲット 'cmTC_bed33/fast' のレシピで失敗しました
make: *** [cmTC_bed33/fast] エラー 2


