Determining if the pthread_create exist failed with the following output:
Change Dir: /home/mlab/catkin_ws/build/controller/CMakeFiles/CMakeTmp

Run Build Command:"/usr/bin/make" "cmTC_4e18e/fast"
/usr/bin/make -f CMakeFiles/cmTC_4e18e.dir/build.make CMakeFiles/cmTC_4e18e.dir/build
make[1]: ディレクトリ '/home/mlab/catkin_ws/build/controller/CMakeFiles/CMakeTmp' に入ります
Building C object CMakeFiles/cmTC_4e18e.dir/CheckSymbolExists.c.o
/usr/bin/cc     -o CMakeFiles/cmTC_4e18e.dir/CheckSymbolExists.c.o   -c /home/mlab/catkin_ws/build/controller/CMakeFiles/CMakeTmp/CheckSymbolExists.c
Linking C executable cmTC_4e18e
/usr/bin/cmake -E cmake_link_script CMakeFiles/cmTC_4e18e.dir/link.txt --verbose=1
/usr/bin/cc       CMakeFiles/cmTC_4e18e.dir/CheckSymbolExists.c.o  -o cmTC_4e18e -rdynamic 
CMakeFiles/cmTC_4e18e.dir/CheckSymbolExists.c.o: 関数 `main' 内:
CheckSymbolExists.c:(.text+0x16): `pthread_create' に対する定義されていない参照です
collect2: error: ld returned 1 exit status
CMakeFiles/cmTC_4e18e.dir/build.make:97: ターゲット 'cmTC_4e18e' のレシピで失敗しました
make[1]: *** [cmTC_4e18e] エラー 1
make[1]: ディレクトリ '/home/mlab/catkin_ws/build/controller/CMakeFiles/CMakeTmp' から出ます
Makefile:126: ターゲット 'cmTC_4e18e/fast' のレシピで失敗しました
make: *** [cmTC_4e18e/fast] エラー 2

File /home/mlab/catkin_ws/build/controller/CMakeFiles/CMakeTmp/CheckSymbolExists.c:
/* */
#include <pthread.h>

int main(int argc, char** argv)
{
  (void)argv;
#ifndef pthread_create
  return ((int*)(&pthread_create))[argc];
#else
  (void)argc;
  return 0;
#endif
}

Determining if the function pthread_create exists in the pthreads failed with the following output:
Change Dir: /home/mlab/catkin_ws/build/controller/CMakeFiles/CMakeTmp

Run Build Command:"/usr/bin/make" "cmTC_7dede/fast"
/usr/bin/make -f CMakeFiles/cmTC_7dede.dir/build.make CMakeFiles/cmTC_7dede.dir/build
make[1]: ディレクトリ '/home/mlab/catkin_ws/build/controller/CMakeFiles/CMakeTmp' に入ります
Building C object CMakeFiles/cmTC_7dede.dir/CheckFunctionExists.c.o
/usr/bin/cc    -DCHECK_FUNCTION_EXISTS=pthread_create   -o CMakeFiles/cmTC_7dede.dir/CheckFunctionExists.c.o   -c /usr/share/cmake-3.5/Modules/CheckFunctionExists.c
Linking C executable cmTC_7dede
/usr/bin/cmake -E cmake_link_script CMakeFiles/cmTC_7dede.dir/link.txt --verbose=1
/usr/bin/cc   -DCHECK_FUNCTION_EXISTS=pthread_create    CMakeFiles/cmTC_7dede.dir/CheckFunctionExists.c.o  -o cmTC_7dede -rdynamic -lpthreads 
/usr/bin/ld: -lpthreads が見つかりません
collect2: error: ld returned 1 exit status
CMakeFiles/cmTC_7dede.dir/build.make:97: ターゲット 'cmTC_7dede' のレシピで失敗しました
make[1]: *** [cmTC_7dede] エラー 1
make[1]: ディレクトリ '/home/mlab/catkin_ws/build/controller/CMakeFiles/CMakeTmp' から出ます
Makefile:126: ターゲット 'cmTC_7dede/fast' のレシピで失敗しました
make: *** [cmTC_7dede/fast] エラー 2


