Determining if the pthread_create exist failed with the following output:
Change Dir: /home/mlab/catkin_ws/build/CMakeFiles/CMakeTmp

Run Build Command:"/usr/bin/make" "cmTC_4402f/fast"
/usr/bin/make -f CMakeFiles/cmTC_4402f.dir/build.make CMakeFiles/cmTC_4402f.dir/build
make[1]: ディレクトリ '/home/mlab/catkin_ws/build/CMakeFiles/CMakeTmp' に入ります
Building C object CMakeFiles/cmTC_4402f.dir/CheckSymbolExists.c.o
/usr/bin/cc     -o CMakeFiles/cmTC_4402f.dir/CheckSymbolExists.c.o   -c /home/mlab/catkin_ws/build/CMakeFiles/CMakeTmp/CheckSymbolExists.c
Linking C executable cmTC_4402f
/usr/bin/cmake -E cmake_link_script CMakeFiles/cmTC_4402f.dir/link.txt --verbose=1
/usr/bin/cc       CMakeFiles/cmTC_4402f.dir/CheckSymbolExists.c.o  -o cmTC_4402f -rdynamic 
CMakeFiles/cmTC_4402f.dir/CheckSymbolExists.c.o: 関数 `main' 内:
CheckSymbolExists.c:(.text+0x16): `pthread_create' に対する定義されていない参照です
collect2: error: ld returned 1 exit status
CMakeFiles/cmTC_4402f.dir/build.make:97: ターゲット 'cmTC_4402f' のレシピで失敗しました
make[1]: *** [cmTC_4402f] エラー 1
make[1]: ディレクトリ '/home/mlab/catkin_ws/build/CMakeFiles/CMakeTmp' から出ます
Makefile:126: ターゲット 'cmTC_4402f/fast' のレシピで失敗しました
make: *** [cmTC_4402f/fast] エラー 2

File /home/mlab/catkin_ws/build/CMakeFiles/CMakeTmp/CheckSymbolExists.c:
/* */
#include <pthread.h>

int main(int argc, char** argv)
{
  (void)argv;
#ifndef pthread_create
  return ((int*)(&pthread_create))[argc];
#else
  (void)argc;
  return 0;
#endif
}

Determining if the function pthread_create exists in the pthreads failed with the following output:
Change Dir: /home/mlab/catkin_ws/build/CMakeFiles/CMakeTmp

Run Build Command:"/usr/bin/make" "cmTC_2d40b/fast"
/usr/bin/make -f CMakeFiles/cmTC_2d40b.dir/build.make CMakeFiles/cmTC_2d40b.dir/build
make[1]: ディレクトリ '/home/mlab/catkin_ws/build/CMakeFiles/CMakeTmp' に入ります
Building C object CMakeFiles/cmTC_2d40b.dir/CheckFunctionExists.c.o
/usr/bin/cc    -DCHECK_FUNCTION_EXISTS=pthread_create   -o CMakeFiles/cmTC_2d40b.dir/CheckFunctionExists.c.o   -c /usr/share/cmake-3.5/Modules/CheckFunctionExists.c
Linking C executable cmTC_2d40b
/usr/bin/cmake -E cmake_link_script CMakeFiles/cmTC_2d40b.dir/link.txt --verbose=1
/usr/bin/cc   -DCHECK_FUNCTION_EXISTS=pthread_create    CMakeFiles/cmTC_2d40b.dir/CheckFunctionExists.c.o  -o cmTC_2d40b -rdynamic -lpthreads 
/usr/bin/ld: -lpthreads が見つかりません
collect2: error: ld returned 1 exit status
CMakeFiles/cmTC_2d40b.dir/build.make:97: ターゲット 'cmTC_2d40b' のレシピで失敗しました
make[1]: *** [cmTC_2d40b] エラー 1
make[1]: ディレクトリ '/home/mlab/catkin_ws/build/CMakeFiles/CMakeTmp' から出ます
Makefile:126: ターゲット 'cmTC_2d40b/fast' のレシピで失敗しました
make: *** [cmTC_2d40b/fast] エラー 2


