[01m[K/home/mlab/catkin_ws/src/bebop_move/src/bebop_move_node.cpp:14:17:[m[K [01;31m[Kerror: [m[K‘[01m[Kcv[m[K’ is not a namespace-name
 using namespace cv;
[01;32m[K                 ^[m[K
[01m[K/home/mlab/catkin_ws/src/bebop_move/src/bebop_move_node.cpp:14:19:[m[K [01;31m[Kerror: [m[Kexpected namespace-name before ‘[01m[K;[m[K’ token
 using namespace cv;
[01;32m[K                   ^[m[K
[01m[K/home/mlab/catkin_ws/src/bebop_move/src/bebop_move_node.cpp:[m[K In function ‘[01m[Kint main(int, char**)[m[K’:
[01m[K/home/mlab/catkin_ws/src/bebop_move/src/bebop_move_node.cpp:23:3:[m[K [01;31m[Kerror: [m[K‘[01m[KBebopDriver[m[K’ was not declared in this scope
   BebopDriver driver(nh);
[01;32m[K   ^[m[K
[01m[K/home/mlab/catkin_ws/src/bebop_move/src/bebop_move_node.cpp:29:17:[m[K [01;31m[Kerror: [m[Kexpected ‘[01m[K;[m[K’ before ‘[01m[Kendl[m[K’
     cout << key endl;
[01;32m[K                 ^[m[K
[01m[K/home/mlab/catkin_ws/src/bebop_move/src/bebop_move_node.cpp:30:8:[m[K [01;31m[Kerror: [m[K‘[01m[Kch[m[K’ was not declared in this scope
     if(ch == 'w')
[01;32m[K        ^[m[K
[01m[K/home/mlab/catkin_ws/src/bebop_move/src/bebop_move_node.cpp:47:17:[m[K [01;31m[Kerror: [m[K‘[01m[Kdriver[m[K’ was not declared in this scope
                 driver.takeoff();
[01;32m[K                 ^[m[K
[01m[K/home/mlab/catkin_ws/src/bebop_move/src/bebop_move_node.cpp:49:17:[m[K [01;31m[Kerror: [m[K‘[01m[Kdriver[m[K’ was not declared in this scope
                 driver.land();
[01;32m[K                 ^[m[K
[01m[K/home/mlab/catkin_ws/src/bebop_move/src/bebop_move_node.cpp:55:13:[m[K [01;31m[Kerror: [m[K‘[01m[Kdriver[m[K’ was not declared in this scope
             driver.control(bebop_cmd.linear.x,bebop_cmd.linear.y,bebop_cmd.linear.z,bebop_cmd.angular.z);
[01;32m[K             ^[m[K
[01m[K/home/mlab/catkin_ws/src/bebop_move/src/bebop_move_node.cpp:[m[K In constructor ‘[01m[KBebopDriver::BebopDriver(ros::NodeHandle&)[m[K’:
[01m[K/home/mlab/catkin_ws/src/bebop_move/src/bebop_move_node.cpp:110:30:[m[K [01;31m[Kerror: [m[Kqualified-id in declaration before ‘[01m[K([m[K’ token
     void BebopDriver::takeoff(){
[01;32m[K                              ^[m[K
[01m[K/home/mlab/catkin_ws/src/bebop_move/src/bebop_move_node.cpp:113:27:[m[K [01;31m[Kerror: [m[Kqualified-id in declaration before ‘[01m[K([m[K’ token
     void BebopDriver::land(){
[01;32m[K                           ^[m[K
[01m[K/home/mlab/catkin_ws/src/bebop_move/src/bebop_move_node.cpp:117:30:[m[K [01;31m[Kerror: [m[Kqualified-id in declaration before ‘[01m[K([m[K’ token
     void BebopDriver::control(float linearX,float linearY,float linearZ,float angularZ){
[01;32m[K                              ^[m[K
[01m[K/home/mlab/catkin_ws/src/bebop_move/src/bebop_move_node.cpp:125:37:[m[K [01;31m[Kerror: [m[Kqualified-id in declaration before ‘[01m[K([m[K’ token
     void BebopDriver::camera_control(float angularY,float angularZ){
[01;32m[K                                     ^[m[K
[01m[K/home/mlab/catkin_ws/src/bebop_move/src/bebop_move_node.cpp:131:28:[m[K [01;31m[Kerror: [m[Kqualified-id in declaration before ‘[01m[K([m[K’ token
     void BebopDriver::reset(){
[01;32m[K                            ^[m[K
[01m[K/home/mlab/catkin_ws/src/bebop_move/src/bebop_move_node.cpp:138:1:[m[K [01;31m[Kerror: [m[Kexpected ‘[01m[K}[m[K’ at end of input
 }
[01;32m[K ^[m[K
make[2]: *** [CMakeFiles/bebop_move_node.dir/src/bebop_move_node.cpp.o] エラー 1
make[1]: *** [CMakeFiles/bebop_move_node.dir/all] エラー 2
make: *** [all] エラー 2
