Determining if the pthread_create exist failed with the following output:
Change Dir: /home/mlab/catkin_ws/build/bebop_move/CMakeFiles/CMakeTmp

Run Build Command:"/usr/bin/make" "cmTC_e6c3d/fast"
/usr/bin/make -f CMakeFiles/cmTC_e6c3d.dir/build.make CMakeFiles/cmTC_e6c3d.dir/build
make[1]: ディレクトリ '/home/mlab/catkin_ws/build/bebop_move/CMakeFiles/CMakeTmp' に入ります
Building C object CMakeFiles/cmTC_e6c3d.dir/CheckSymbolExists.c.o
/usr/bin/cc     -o CMakeFiles/cmTC_e6c3d.dir/CheckSymbolExists.c.o   -c /home/mlab/catkin_ws/build/bebop_move/CMakeFiles/CMakeTmp/CheckSymbolExists.c
Linking C executable cmTC_e6c3d
/usr/bin/cmake -E cmake_link_script CMakeFiles/cmTC_e6c3d.dir/link.txt --verbose=1
/usr/bin/cc       CMakeFiles/cmTC_e6c3d.dir/CheckSymbolExists.c.o  -o cmTC_e6c3d -rdynamic 
CMakeFiles/cmTC_e6c3d.dir/CheckSymbolExists.c.o: 関数 `main' 内:
CheckSymbolExists.c:(.text+0x16): `pthread_create' に対する定義されていない参照です
collect2: error: ld returned 1 exit status
CMakeFiles/cmTC_e6c3d.dir/build.make:97: ターゲット 'cmTC_e6c3d' のレシピで失敗しました
make[1]: *** [cmTC_e6c3d] エラー 1
make[1]: ディレクトリ '/home/mlab/catkin_ws/build/bebop_move/CMakeFiles/CMakeTmp' から出ます
Makefile:126: ターゲット 'cmTC_e6c3d/fast' のレシピで失敗しました
make: *** [cmTC_e6c3d/fast] エラー 2

File /home/mlab/catkin_ws/build/bebop_move/CMakeFiles/CMakeTmp/CheckSymbolExists.c:
/* */
#include <pthread.h>

int main(int argc, char** argv)
{
  (void)argv;
#ifndef pthread_create
  return ((int*)(&pthread_create))[argc];
#else
  (void)argc;
  return 0;
#endif
}

Determining if the function pthread_create exists in the pthreads failed with the following output:
Change Dir: /home/mlab/catkin_ws/build/bebop_move/CMakeFiles/CMakeTmp

Run Build Command:"/usr/bin/make" "cmTC_438c7/fast"
/usr/bin/make -f CMakeFiles/cmTC_438c7.dir/build.make CMakeFiles/cmTC_438c7.dir/build
make[1]: ディレクトリ '/home/mlab/catkin_ws/build/bebop_move/CMakeFiles/CMakeTmp' に入ります
Building C object CMakeFiles/cmTC_438c7.dir/CheckFunctionExists.c.o
/usr/bin/cc    -DCHECK_FUNCTION_EXISTS=pthread_create   -o CMakeFiles/cmTC_438c7.dir/CheckFunctionExists.c.o   -c /usr/share/cmake-3.5/Modules/CheckFunctionExists.c
Linking C executable cmTC_438c7
/usr/bin/cmake -E cmake_link_script CMakeFiles/cmTC_438c7.dir/link.txt --verbose=1
/usr/bin/cc   -DCHECK_FUNCTION_EXISTS=pthread_create    CMakeFiles/cmTC_438c7.dir/CheckFunctionExists.c.o  -o cmTC_438c7 -rdynamic -lpthreads 
/usr/bin/ld: -lpthreads が見つかりません
collect2: error: ld returned 1 exit status
CMakeFiles/cmTC_438c7.dir/build.make:97: ターゲット 'cmTC_438c7' のレシピで失敗しました
make[1]: *** [cmTC_438c7] エラー 1
make[1]: ディレクトリ '/home/mlab/catkin_ws/build/bebop_move/CMakeFiles/CMakeTmp' から出ます
Makefile:126: ターゲット 'cmTC_438c7/fast' のレシピで失敗しました
make: *** [cmTC_438c7/fast] エラー 2


