Determining if the pthread_create exist failed with the following output:
Change Dir: /home/mlab/catkin_ws/build/bebop_teleop2/CMakeFiles/CMakeTmp

Run Build Command:"/usr/bin/make" "cmTC_076ce/fast"
/usr/bin/make -f CMakeFiles/cmTC_076ce.dir/build.make CMakeFiles/cmTC_076ce.dir/build
make[1]: ディレクトリ '/home/mlab/catkin_ws/build/bebop_teleop2/CMakeFiles/CMakeTmp' に入ります
Building C object CMakeFiles/cmTC_076ce.dir/CheckSymbolExists.c.o
/usr/bin/cc     -o CMakeFiles/cmTC_076ce.dir/CheckSymbolExists.c.o   -c /home/mlab/catkin_ws/build/bebop_teleop2/CMakeFiles/CMakeTmp/CheckSymbolExists.c
Linking C executable cmTC_076ce
/usr/bin/cmake -E cmake_link_script CMakeFiles/cmTC_076ce.dir/link.txt --verbose=1
/usr/bin/cc       CMakeFiles/cmTC_076ce.dir/CheckSymbolExists.c.o  -o cmTC_076ce -rdynamic 
CMakeFiles/cmTC_076ce.dir/CheckSymbolExists.c.o: 関数 `main' 内:
CheckSymbolExists.c:(.text+0x16): `pthread_create' に対する定義されていない参照です
collect2: error: ld returned 1 exit status
CMakeFiles/cmTC_076ce.dir/build.make:97: ターゲット 'cmTC_076ce' のレシピで失敗しました
make[1]: *** [cmTC_076ce] エラー 1
make[1]: ディレクトリ '/home/mlab/catkin_ws/build/bebop_teleop2/CMakeFiles/CMakeTmp' から出ます
Makefile:126: ターゲット 'cmTC_076ce/fast' のレシピで失敗しました
make: *** [cmTC_076ce/fast] エラー 2

File /home/mlab/catkin_ws/build/bebop_teleop2/CMakeFiles/CMakeTmp/CheckSymbolExists.c:
/* */
#include <pthread.h>

int main(int argc, char** argv)
{
  (void)argv;
#ifndef pthread_create
  return ((int*)(&pthread_create))[argc];
#else
  (void)argc;
  return 0;
#endif
}

Determining if the function pthread_create exists in the pthreads failed with the following output:
Change Dir: /home/mlab/catkin_ws/build/bebop_teleop2/CMakeFiles/CMakeTmp

Run Build Command:"/usr/bin/make" "cmTC_f1510/fast"
/usr/bin/make -f CMakeFiles/cmTC_f1510.dir/build.make CMakeFiles/cmTC_f1510.dir/build
make[1]: ディレクトリ '/home/mlab/catkin_ws/build/bebop_teleop2/CMakeFiles/CMakeTmp' に入ります
Building C object CMakeFiles/cmTC_f1510.dir/CheckFunctionExists.c.o
/usr/bin/cc    -DCHECK_FUNCTION_EXISTS=pthread_create   -o CMakeFiles/cmTC_f1510.dir/CheckFunctionExists.c.o   -c /usr/share/cmake-3.5/Modules/CheckFunctionExists.c
Linking C executable cmTC_f1510
/usr/bin/cmake -E cmake_link_script CMakeFiles/cmTC_f1510.dir/link.txt --verbose=1
/usr/bin/cc   -DCHECK_FUNCTION_EXISTS=pthread_create    CMakeFiles/cmTC_f1510.dir/CheckFunctionExists.c.o  -o cmTC_f1510 -rdynamic -lpthreads 
/usr/bin/ld: -lpthreads が見つかりません
collect2: error: ld returned 1 exit status
CMakeFiles/cmTC_f1510.dir/build.make:97: ターゲット 'cmTC_f1510' のレシピで失敗しました
make[1]: *** [cmTC_f1510] エラー 1
make[1]: ディレクトリ '/home/mlab/catkin_ws/build/bebop_teleop2/CMakeFiles/CMakeTmp' から出ます
Makefile:126: ターゲット 'cmTC_f1510/fast' のレシピで失敗しました
make: *** [cmTC_f1510/fast] エラー 2


