Determining if the pthread_create exist failed with the following output:
Change Dir: /home/mlab/catkin_ws/build/bebop_teleop/CMakeFiles/CMakeTmp

Run Build Command:"/usr/bin/make" "cmTC_f6ca0/fast"
/usr/bin/make -f CMakeFiles/cmTC_f6ca0.dir/build.make CMakeFiles/cmTC_f6ca0.dir/build
make[1]: ディレクトリ '/home/mlab/catkin_ws/build/bebop_teleop/CMakeFiles/CMakeTmp' に入ります
Building C object CMakeFiles/cmTC_f6ca0.dir/CheckSymbolExists.c.o
/usr/bin/cc     -o CMakeFiles/cmTC_f6ca0.dir/CheckSymbolExists.c.o   -c /home/mlab/catkin_ws/build/bebop_teleop/CMakeFiles/CMakeTmp/CheckSymbolExists.c
Linking C executable cmTC_f6ca0
/usr/bin/cmake -E cmake_link_script CMakeFiles/cmTC_f6ca0.dir/link.txt --verbose=1
/usr/bin/cc       CMakeFiles/cmTC_f6ca0.dir/CheckSymbolExists.c.o  -o cmTC_f6ca0 -rdynamic 
CMakeFiles/cmTC_f6ca0.dir/CheckSymbolExists.c.o: 関数 `main' 内:
CheckSymbolExists.c:(.text+0x16): `pthread_create' に対する定義されていない参照です
collect2: error: ld returned 1 exit status
CMakeFiles/cmTC_f6ca0.dir/build.make:97: ターゲット 'cmTC_f6ca0' のレシピで失敗しました
make[1]: *** [cmTC_f6ca0] エラー 1
make[1]: ディレクトリ '/home/mlab/catkin_ws/build/bebop_teleop/CMakeFiles/CMakeTmp' から出ます
Makefile:126: ターゲット 'cmTC_f6ca0/fast' のレシピで失敗しました
make: *** [cmTC_f6ca0/fast] エラー 2

File /home/mlab/catkin_ws/build/bebop_teleop/CMakeFiles/CMakeTmp/CheckSymbolExists.c:
/* */
#include <pthread.h>

int main(int argc, char** argv)
{
  (void)argv;
#ifndef pthread_create
  return ((int*)(&pthread_create))[argc];
#else
  (void)argc;
  return 0;
#endif
}

Determining if the function pthread_create exists in the pthreads failed with the following output:
Change Dir: /home/mlab/catkin_ws/build/bebop_teleop/CMakeFiles/CMakeTmp

Run Build Command:"/usr/bin/make" "cmTC_9f992/fast"
/usr/bin/make -f CMakeFiles/cmTC_9f992.dir/build.make CMakeFiles/cmTC_9f992.dir/build
make[1]: ディレクトリ '/home/mlab/catkin_ws/build/bebop_teleop/CMakeFiles/CMakeTmp' に入ります
Building C object CMakeFiles/cmTC_9f992.dir/CheckFunctionExists.c.o
/usr/bin/cc    -DCHECK_FUNCTION_EXISTS=pthread_create   -o CMakeFiles/cmTC_9f992.dir/CheckFunctionExists.c.o   -c /usr/share/cmake-3.5/Modules/CheckFunctionExists.c
Linking C executable cmTC_9f992
/usr/bin/cmake -E cmake_link_script CMakeFiles/cmTC_9f992.dir/link.txt --verbose=1
/usr/bin/cc   -DCHECK_FUNCTION_EXISTS=pthread_create    CMakeFiles/cmTC_9f992.dir/CheckFunctionExists.c.o  -o cmTC_9f992 -rdynamic -lpthreads 
/usr/bin/ld: -lpthreads が見つかりません
collect2: error: ld returned 1 exit status
CMakeFiles/cmTC_9f992.dir/build.make:97: ターゲット 'cmTC_9f992' のレシピで失敗しました
make[1]: *** [cmTC_9f992] エラー 1
make[1]: ディレクトリ '/home/mlab/catkin_ws/build/bebop_teleop/CMakeFiles/CMakeTmp' から出ます
Makefile:126: ターゲット 'cmTC_9f992/fast' のレシピで失敗しました
make: *** [cmTC_9f992/fast] エラー 2


